2020-04-16 12:24:46 INFO  ConfigTest:61 - Get Event driver successfully
2020-04-16 12:24:46 INFO  Listener:19 - Before navigating to: 'http://prestashop-automation.qatestlab.com.ua/ru/
2020-04-16 12:24:47 INFO  Listener:24 - Navigated to: 'http://prestashop-automation.qatestlab.com.ua/ru/
2020-04-16 12:24:47 INFO  ConfigTest:38 - Driver successfully setup
2020-04-16 12:24:47 INFO  Listener:29 - Before to find: by: By.className: product-miniature
2020-04-16 12:24:47 INFO  Listener:34 - Found element By : By.className: product-miniature
2020-04-16 12:24:48 INFO  MainPage:117 - Check discount : 5.0 is correctly
2020-04-16 12:24:48 INFO  Listener:29 - Before to find: by: By.cssSelector: .expand-more._gray-darker
2020-04-16 12:24:48 INFO  Listener:34 - Found element By : By.cssSelector: .expand-more._gray-darker
2020-04-16 12:24:48 INFO  Listener:39 - Before to click on [[FirefoxDriver: firefox on WINDOWS (1fe940d4-928c-4546-a1e2-429eade678cd)] -> css selector: .expand-more._gray-darker]
2020-04-16 12:24:48 INFO  Listener:44 - After to click on [[FirefoxDriver: firefox on WINDOWS (1fe940d4-928c-4546-a1e2-429eade678cd)] -> css selector: .expand-more._gray-darker]
2020-04-16 12:24:48 INFO  Listener:29 - Before to find: by: By.xpath: //a[.='EUR €']
2020-04-16 12:24:48 INFO  Listener:34 - Found element By : By.xpath: //a[.='EUR €']
2020-04-16 12:24:48 INFO  Listener:39 - Before to click on [[FirefoxDriver: firefox on WINDOWS (1fe940d4-928c-4546-a1e2-429eade678cd)] -> xpath: //a[.='EUR €']]
2020-04-16 12:24:49 INFO  Listener:44 - After to click on [[FirefoxDriver: firefox on WINDOWS (1fe940d4-928c-4546-a1e2-429eade678cd)] -> xpath: //a[.='EUR €']]
2020-04-16 12:24:49 INFO  MainPage:33 - Currency successfully change on: EUR
2020-04-16 12:24:49 INFO  Listener:29 - Before to find: by: By.className: price
2020-04-16 12:24:49 INFO  Listener:34 - Found element By : By.className: price
2020-04-16 12:24:49 INFO  Listener:29 - Before to find: by: By.className: price
2020-04-16 12:24:50 INFO  Listener:34 - Found element By : By.className: price
2020-04-16 12:24:50 INFO  MainPage:39 - Verifying product's price value type ...
2020-04-16 12:24:50 INFO  Listener:29 - Before to find: by: By.cssSelector: .expand-more._gray-darker
2020-04-16 12:24:50 INFO  Listener:34 - Found element By : By.cssSelector: .expand-more._gray-darker
2020-04-16 12:24:50 INFO  Listener:39 - Before to click on [[FirefoxDriver: firefox on WINDOWS (1fe940d4-928c-4546-a1e2-429eade678cd)] -> css selector: .expand-more._gray-darker]
2020-04-16 12:24:50 INFO  Listener:44 - After to click on [[FirefoxDriver: firefox on WINDOWS (1fe940d4-928c-4546-a1e2-429eade678cd)] -> css selector: .expand-more._gray-darker]
2020-04-16 12:24:50 INFO  Listener:29 - Before to find: by: By.xpath: //a[.='USD $']
2020-04-16 12:24:50 INFO  Listener:34 - Found element By : By.xpath: //a[.='USD $']
2020-04-16 12:24:51 INFO  Listener:29 - Before to find: by: By.xpath: //a[.='USD $']
2020-04-16 12:24:51 INFO  Listener:34 - Found element By : By.xpath: //a[.='USD $']
2020-04-16 12:24:51 INFO  Listener:39 - Before to click on [[FirefoxDriver: firefox on WINDOWS (1fe940d4-928c-4546-a1e2-429eade678cd)] -> xpath: //a[.='USD $']]
2020-04-16 12:24:52 INFO  Listener:44 - After to click on [[FirefoxDriver: firefox on WINDOWS (1fe940d4-928c-4546-a1e2-429eade678cd)] -> xpath: //a[.='USD $']]
2020-04-16 12:24:52 INFO  MainPage:33 - Currency successfully change on: USD
2020-04-16 12:24:52 INFO  Listener:29 - Before to find: by: By.name: s
2020-04-16 12:24:52 INFO  Listener:34 - Found element By : By.name: s
2020-04-16 12:24:52 INFO  Listener:49 - Before to change value of [[FirefoxDriver: firefox on WINDOWS (1fe940d4-928c-4546-a1e2-429eade678cd)] -> name: s] on [dress]
2020-04-16 12:24:52 INFO  Listener:55 - After to change value of [[FirefoxDriver: firefox on WINDOWS (1fe940d4-928c-4546-a1e2-429eade678cd)] -> name: s] on [dress]
2020-04-16 12:24:52 INFO  Listener:29 - Before to find: by: By.name: s
2020-04-16 12:24:52 INFO  Listener:34 - Found element By : By.name: s
2020-04-16 12:24:52 INFO  MainPage:22 - Products successfully found.
2020-04-16 12:24:52 INFO  Listener:29 - Before to find: by: By.className: total-products
2020-04-16 12:24:52 INFO  Listener:34 - Found element By : By.className: total-products
2020-04-16 12:24:52 INFO  MainPage:30 - Count product = 7
2020-04-16 12:24:52 INFO  Listener:29 - Before to find: by: By.className: product-miniature
2020-04-16 12:24:52 INFO  Listener:34 - Found element By : By.className: product-miniature
2020-04-16 12:24:53 INFO  MainPage:34 - Count product image = 7
2020-04-16 12:24:53 INFO  Listener:29 - Before to find: by: By.className: price
2020-04-16 12:24:53 INFO  Listener:34 - Found element By : By.className: price
2020-04-16 12:24:53 INFO  MainPage:49 - Check symbol value USD
2020-04-16 12:24:53 INFO  Listener:29 - Before to find: by: By.className: select-title
2020-04-16 12:24:53 INFO  Listener:34 - Found element By : By.className: select-title
2020-04-16 12:24:53 INFO  Listener:39 - Before to click on [[FirefoxDriver: firefox on WINDOWS (1fe940d4-928c-4546-a1e2-429eade678cd)] -> class name: select-title]
2020-04-16 12:24:53 INFO  Listener:44 - After to click on [[FirefoxDriver: firefox on WINDOWS (1fe940d4-928c-4546-a1e2-429eade678cd)] -> class name: select-title]
2020-04-16 12:24:53 INFO  Listener:29 - Before to find: by: By.cssSelector: #js-product-list-top > div:nth-child(2) > div > div > div > a:nth-child(5)
2020-04-16 12:24:53 INFO  Listener:34 - Found element By : By.cssSelector: #js-product-list-top > div:nth-child(2) > div > div > div > a:nth-child(5)
2020-04-16 12:24:53 INFO  Listener:39 - Before to click on [[FirefoxDriver: firefox on WINDOWS (1fe940d4-928c-4546-a1e2-429eade678cd)] -> css selector: #js-product-list-top > div:nth-child(2) > div > div > div > a:nth-child(5)]
2020-04-16 12:24:54 INFO  Listener:44 - After to click on [[FirefoxDriver: firefox on WINDOWS (1fe940d4-928c-4546-a1e2-429eade678cd)] -> css selector: #js-product-list-top > div:nth-child(2) > div > div > div > a:nth-child(5)]
2020-04-16 12:24:54 INFO  MainPage:69 - Selected sorting from high to low
2020-04-16 12:24:54 INFO  Listener:29 - Before to find: by: By.className: product-price-and-shipping
2020-04-16 12:24:54 INFO  Listener:34 - Found element By : By.className: product-price-and-shipping
2020-04-16 12:24:54 INFO  Listener:29 - Before to find: by: By.className: price
2020-04-16 12:24:54 INFO  Listener:34 - Found element By : By.className: price
2020-04-16 12:24:54 INFO  Listener:29 - Before to find: by: By.className: regular-price
2020-04-16 12:24:54 INFO  Listener:34 - Found element By : By.className: regular-price
2020-04-16 12:24:54 INFO  Listener:29 - Before to find: by: By.className: price
2020-04-16 12:24:54 INFO  Listener:34 - Found element By : By.className: price
2020-04-16 12:24:54 INFO  Listener:29 - Before to find: by: By.className: price
2020-04-16 12:24:54 INFO  Listener:34 - Found element By : By.className: price
2020-04-16 12:24:54 INFO  Listener:29 - Before to find: by: By.className: price
2020-04-16 12:24:54 INFO  Listener:34 - Found element By : By.className: price
2020-04-16 12:24:54 INFO  Listener:29 - Before to find: by: By.className: regular-price
2020-04-16 12:24:54 INFO  Listener:34 - Found element By : By.className: regular-price
2020-04-16 12:24:54 INFO  Listener:29 - Before to find: by: By.className: price
2020-04-16 12:24:54 INFO  Listener:34 - Found element By : By.className: price
2020-04-16 12:24:54 INFO  MainPage:87 - Check sorting without discount is true
2020-04-16 12:24:54 INFO  Listener:29 - Before to find: by: By.cssSelector: .expand-more._gray-darker
2020-04-16 12:24:54 INFO  Listener:34 - Found element By : By.cssSelector: .expand-more._gray-darker
2020-04-16 12:24:54 INFO  Listener:39 - Before to click on [[FirefoxDriver: firefox on WINDOWS (1fe940d4-928c-4546-a1e2-429eade678cd)] -> css selector: .expand-more._gray-darker]
2020-04-16 12:24:54 INFO  Listener:44 - After to click on [[FirefoxDriver: firefox on WINDOWS (1fe940d4-928c-4546-a1e2-429eade678cd)] -> css selector: .expand-more._gray-darker]
2020-04-16 12:24:54 INFO  Listener:29 - Before to find: by: By.xpath: //a[.='UAH ₴']
2020-04-16 12:24:54 INFO  Listener:34 - Found element By : By.xpath: //a[.='UAH ₴']
2020-04-16 12:24:54 INFO  Listener:39 - Before to click on [[FirefoxDriver: firefox on WINDOWS (1fe940d4-928c-4546-a1e2-429eade678cd)] -> xpath: //a[.='UAH ₴']]
2020-04-16 12:24:55 INFO  Listener:44 - After to click on [[FirefoxDriver: firefox on WINDOWS (1fe940d4-928c-4546-a1e2-429eade678cd)] -> xpath: //a[.='UAH ₴']]
2020-04-16 12:24:55 INFO  MainPage:33 - Currency successfully change on: UAH
2020-04-16 12:24:55 INFO  Listener:29 - Before to find: by: By.className: price
2020-04-16 12:24:55 INFO  Listener:34 - Found element By : By.className: price
2020-04-16 12:24:55 INFO  Listener:29 - Before to find: by: By.className: price
2020-04-16 12:24:56 INFO  Listener:34 - Found element By : By.className: price
2020-04-16 12:24:56 INFO  MainPage:39 - Verifying product's price value type ...
2020-04-16 12:24:56 INFO  Listener:29 - Before to find: by: By.cssSelector: .expand-more._gray-darker
2020-04-16 12:24:56 INFO  Listener:34 - Found element By : By.cssSelector: .expand-more._gray-darker
2020-04-16 12:24:56 INFO  Listener:39 - Before to click on [[FirefoxDriver: firefox on WINDOWS (1fe940d4-928c-4546-a1e2-429eade678cd)] -> css selector: .expand-more._gray-darker]
2020-04-16 12:24:56 INFO  Listener:44 - After to click on [[FirefoxDriver: firefox on WINDOWS (1fe940d4-928c-4546-a1e2-429eade678cd)] -> css selector: .expand-more._gray-darker]
2020-04-16 12:24:56 INFO  Listener:29 - Before to find: by: By.xpath: //a[.='USD $']
2020-04-16 12:24:56 INFO  Listener:34 - Found element By : By.xpath: //a[.='USD $']
2020-04-16 12:24:56 INFO  Listener:39 - Before to click on [[FirefoxDriver: firefox on WINDOWS (1fe940d4-928c-4546-a1e2-429eade678cd)] -> xpath: //a[.='USD $']]
2020-04-16 12:24:57 INFO  Listener:44 - After to click on [[FirefoxDriver: firefox on WINDOWS (1fe940d4-928c-4546-a1e2-429eade678cd)] -> xpath: //a[.='USD $']]
2020-04-16 12:24:57 INFO  MainPage:33 - Currency successfully change on: USD
2020-04-16 12:24:57 INFO  Listener:29 - Before to find: by: By.className: price
2020-04-16 12:24:57 INFO  Listener:34 - Found element By : By.className: price
2020-04-16 12:24:57 INFO  Listener:29 - Before to find: by: By.className: price
2020-04-16 12:24:58 INFO  Listener:34 - Found element By : By.className: price
2020-04-16 12:24:58 INFO  MainPage:39 - Verifying product's price value type ...
2020-04-16 12:25:00 INFO  ConfigTest:45 - Driver successfully quit
2020-04-16 12:27:22 INFO  ConfigTest:61 - Get Event driver successfully
2020-04-16 12:27:22 INFO  Listener:19 - Before navigating to: 'http://prestashop-automation.qatestlab.com.ua/ru/
2020-04-16 12:27:23 INFO  Listener:24 - Navigated to: 'http://prestashop-automation.qatestlab.com.ua/ru/
2020-04-16 12:27:23 INFO  ConfigTest:38 - Driver successfully setup
2020-04-16 12:27:23 INFO  Listener:29 - Before to find: by: By.className: product-miniature
2020-04-16 12:27:23 INFO  Listener:34 - Found element By : By.className: product-miniature
2020-04-16 12:27:24 INFO  MainPage:117 - Check discount : 5.0 is correctly
2020-04-16 12:27:24 INFO  Listener:29 - Before to find: by: By.cssSelector: .expand-more._gray-darker
2020-04-16 12:27:24 INFO  Listener:34 - Found element By : By.cssSelector: .expand-more._gray-darker
2020-04-16 12:27:24 INFO  Listener:39 - Before to click on [[FirefoxDriver: firefox on WINDOWS (e18f30bb-0503-4b73-b971-b4b604347ad6)] -> css selector: .expand-more._gray-darker]
2020-04-16 12:27:24 INFO  Listener:44 - After to click on [[FirefoxDriver: firefox on WINDOWS (e18f30bb-0503-4b73-b971-b4b604347ad6)] -> css selector: .expand-more._gray-darker]
2020-04-16 12:27:24 INFO  Listener:29 - Before to find: by: By.xpath: //a[.='EUR €']
2020-04-16 12:27:24 INFO  Listener:34 - Found element By : By.xpath: //a[.='EUR €']
2020-04-16 12:27:24 INFO  Listener:39 - Before to click on [[FirefoxDriver: firefox on WINDOWS (e18f30bb-0503-4b73-b971-b4b604347ad6)] -> xpath: //a[.='EUR €']]
2020-04-16 12:27:25 INFO  Listener:44 - After to click on [[FirefoxDriver: firefox on WINDOWS (e18f30bb-0503-4b73-b971-b4b604347ad6)] -> xpath: //a[.='EUR €']]
2020-04-16 12:27:25 INFO  MainPage:33 - Currency successfully change on: EUR
2020-04-16 12:27:25 INFO  Listener:29 - Before to find: by: By.className: price
2020-04-16 12:27:25 INFO  Listener:34 - Found element By : By.className: price
2020-04-16 12:27:25 INFO  Listener:29 - Before to find: by: By.className: price
2020-04-16 12:27:26 INFO  Listener:34 - Found element By : By.className: price
2020-04-16 12:27:26 INFO  MainPage:39 - Verifying product's price value type ...
2020-04-16 12:27:26 INFO  Listener:29 - Before to find: by: By.cssSelector: .expand-more._gray-darker
2020-04-16 12:27:26 INFO  Listener:34 - Found element By : By.cssSelector: .expand-more._gray-darker
2020-04-16 12:27:26 INFO  Listener:39 - Before to click on [[FirefoxDriver: firefox on WINDOWS (e18f30bb-0503-4b73-b971-b4b604347ad6)] -> css selector: .expand-more._gray-darker]
2020-04-16 12:27:26 INFO  Listener:44 - After to click on [[FirefoxDriver: firefox on WINDOWS (e18f30bb-0503-4b73-b971-b4b604347ad6)] -> css selector: .expand-more._gray-darker]
2020-04-16 12:27:26 INFO  Listener:29 - Before to find: by: By.xpath: //a[.='USD $']
2020-04-16 12:27:26 INFO  Listener:34 - Found element By : By.xpath: //a[.='USD $']
2020-04-16 12:27:27 INFO  Listener:29 - Before to find: by: By.xpath: //a[.='USD $']
2020-04-16 12:27:27 INFO  Listener:34 - Found element By : By.xpath: //a[.='USD $']
2020-04-16 12:27:27 INFO  Listener:39 - Before to click on [[FirefoxDriver: firefox on WINDOWS (e18f30bb-0503-4b73-b971-b4b604347ad6)] -> xpath: //a[.='USD $']]
2020-04-16 12:27:28 INFO  Listener:44 - After to click on [[FirefoxDriver: firefox on WINDOWS (e18f30bb-0503-4b73-b971-b4b604347ad6)] -> xpath: //a[.='USD $']]
2020-04-16 12:27:28 INFO  MainPage:33 - Currency successfully change on: USD
2020-04-16 12:27:28 INFO  Listener:29 - Before to find: by: By.name: s
2020-04-16 12:27:28 INFO  Listener:34 - Found element By : By.name: s
2020-04-16 12:27:28 INFO  Listener:49 - Before to change value of [[FirefoxDriver: firefox on WINDOWS (e18f30bb-0503-4b73-b971-b4b604347ad6)] -> name: s] on [dress]
2020-04-16 12:27:28 INFO  Listener:55 - After to change value of [[FirefoxDriver: firefox on WINDOWS (e18f30bb-0503-4b73-b971-b4b604347ad6)] -> name: s] on [dress]
2020-04-16 12:27:28 INFO  Listener:29 - Before to find: by: By.name: s
2020-04-16 12:27:28 INFO  Listener:34 - Found element By : By.name: s
2020-04-16 12:27:28 INFO  MainPage:22 - Products successfully found.
2020-04-16 12:27:28 INFO  Listener:29 - Before to find: by: By.className: total-products
2020-04-16 12:27:28 INFO  Listener:34 - Found element By : By.className: total-products
2020-04-16 12:27:29 INFO  MainPage:30 - Count product = 7
2020-04-16 12:27:29 INFO  Listener:29 - Before to find: by: By.className: product-miniature
2020-04-16 12:27:29 INFO  Listener:34 - Found element By : By.className: product-miniature
2020-04-16 12:27:29 INFO  MainPage:34 - Count product image = 7
2020-04-16 12:27:29 INFO  Listener:29 - Before to find: by: By.className: price
2020-04-16 12:27:29 INFO  Listener:34 - Found element By : By.className: price
2020-04-16 12:27:29 INFO  MainPage:49 - Check symbol value USD
2020-04-16 12:27:29 INFO  Listener:29 - Before to find: by: By.className: select-title
2020-04-16 12:27:29 INFO  Listener:34 - Found element By : By.className: select-title
2020-04-16 12:27:29 INFO  Listener:39 - Before to click on [[FirefoxDriver: firefox on WINDOWS (e18f30bb-0503-4b73-b971-b4b604347ad6)] -> class name: select-title]
2020-04-16 12:27:29 INFO  Listener:44 - After to click on [[FirefoxDriver: firefox on WINDOWS (e18f30bb-0503-4b73-b971-b4b604347ad6)] -> class name: select-title]
2020-04-16 12:27:29 INFO  Listener:29 - Before to find: by: By.cssSelector: #js-product-list-top > div:nth-child(2) > div > div > div > a:nth-child(5)
2020-04-16 12:27:29 INFO  Listener:34 - Found element By : By.cssSelector: #js-product-list-top > div:nth-child(2) > div > div > div > a:nth-child(5)
2020-04-16 12:27:29 INFO  Listener:39 - Before to click on [[FirefoxDriver: firefox on WINDOWS (e18f30bb-0503-4b73-b971-b4b604347ad6)] -> css selector: #js-product-list-top > div:nth-child(2) > div > div > div > a:nth-child(5)]
2020-04-16 12:27:30 INFO  Listener:44 - After to click on [[FirefoxDriver: firefox on WINDOWS (e18f30bb-0503-4b73-b971-b4b604347ad6)] -> css selector: #js-product-list-top > div:nth-child(2) > div > div > div > a:nth-child(5)]
2020-04-16 12:27:30 INFO  MainPage:69 - Selected sorting from high to low
2020-04-16 12:27:30 INFO  Listener:29 - Before to find: by: By.className: product-price-and-shipping
2020-04-16 12:27:30 INFO  Listener:34 - Found element By : By.className: product-price-and-shipping
2020-04-16 12:27:30 INFO  Listener:29 - Before to find: by: By.className: price
2020-04-16 12:27:30 INFO  Listener:34 - Found element By : By.className: price
2020-04-16 12:27:30 INFO  Listener:29 - Before to find: by: By.className: regular-price
2020-04-16 12:27:30 INFO  Listener:34 - Found element By : By.className: regular-price
2020-04-16 12:27:30 INFO  Listener:29 - Before to find: by: By.className: price
2020-04-16 12:27:30 INFO  Listener:34 - Found element By : By.className: price
2020-04-16 12:27:30 INFO  Listener:29 - Before to find: by: By.className: price
2020-04-16 12:27:30 INFO  Listener:34 - Found element By : By.className: price
2020-04-16 12:27:30 INFO  Listener:29 - Before to find: by: By.className: price
2020-04-16 12:27:30 INFO  Listener:34 - Found element By : By.className: price
2020-04-16 12:27:30 INFO  Listener:29 - Before to find: by: By.className: regular-price
2020-04-16 12:27:30 INFO  Listener:34 - Found element By : By.className: regular-price
2020-04-16 12:27:30 INFO  Listener:29 - Before to find: by: By.className: price
2020-04-16 12:27:30 INFO  Listener:34 - Found element By : By.className: price
2020-04-16 12:27:30 INFO  MainPage:87 - Check sorting without discount is true
2020-04-16 12:27:30 INFO  Listener:29 - Before to find: by: By.cssSelector: .expand-more._gray-darker
2020-04-16 12:27:30 INFO  Listener:34 - Found element By : By.cssSelector: .expand-more._gray-darker
2020-04-16 12:27:30 INFO  Listener:39 - Before to click on [[FirefoxDriver: firefox on WINDOWS (e18f30bb-0503-4b73-b971-b4b604347ad6)] -> css selector: .expand-more._gray-darker]
2020-04-16 12:27:30 INFO  Listener:44 - After to click on [[FirefoxDriver: firefox on WINDOWS (e18f30bb-0503-4b73-b971-b4b604347ad6)] -> css selector: .expand-more._gray-darker]
2020-04-16 12:27:30 INFO  Listener:29 - Before to find: by: By.xpath: //a[.='UAH ₴']
2020-04-16 12:27:30 INFO  Listener:34 - Found element By : By.xpath: //a[.='UAH ₴']
2020-04-16 12:27:30 INFO  Listener:39 - Before to click on [[FirefoxDriver: firefox on WINDOWS (e18f30bb-0503-4b73-b971-b4b604347ad6)] -> xpath: //a[.='UAH ₴']]
2020-04-16 12:27:31 INFO  Listener:44 - After to click on [[FirefoxDriver: firefox on WINDOWS (e18f30bb-0503-4b73-b971-b4b604347ad6)] -> xpath: //a[.='UAH ₴']]
2020-04-16 12:27:31 INFO  MainPage:33 - Currency successfully change on: UAH
2020-04-16 12:27:31 INFO  Listener:29 - Before to find: by: By.className: price
2020-04-16 12:27:31 INFO  Listener:34 - Found element By : By.className: price
2020-04-16 12:27:31 INFO  Listener:29 - Before to find: by: By.className: price
2020-04-16 12:27:32 INFO  Listener:34 - Found element By : By.className: price
2020-04-16 12:27:32 INFO  MainPage:39 - Verifying product's price value type ...
2020-04-16 12:27:32 INFO  Listener:29 - Before to find: by: By.cssSelector: .expand-more._gray-darker
2020-04-16 12:27:32 INFO  Listener:34 - Found element By : By.cssSelector: .expand-more._gray-darker
2020-04-16 12:27:32 INFO  Listener:39 - Before to click on [[FirefoxDriver: firefox on WINDOWS (e18f30bb-0503-4b73-b971-b4b604347ad6)] -> css selector: .expand-more._gray-darker]
2020-04-16 12:27:32 INFO  Listener:44 - After to click on [[FirefoxDriver: firefox on WINDOWS (e18f30bb-0503-4b73-b971-b4b604347ad6)] -> css selector: .expand-more._gray-darker]
2020-04-16 12:27:32 INFO  Listener:29 - Before to find: by: By.xpath: //a[.='USD $']
2020-04-16 12:27:32 INFO  Listener:34 - Found element By : By.xpath: //a[.='USD $']
2020-04-16 12:27:33 INFO  Listener:29 - Before to find: by: By.xpath: //a[.='USD $']
2020-04-16 12:27:33 INFO  Listener:34 - Found element By : By.xpath: //a[.='USD $']
2020-04-16 12:27:33 INFO  Listener:39 - Before to click on [[FirefoxDriver: firefox on WINDOWS (e18f30bb-0503-4b73-b971-b4b604347ad6)] -> xpath: //a[.='USD $']]
2020-04-16 12:27:34 INFO  Listener:44 - After to click on [[FirefoxDriver: firefox on WINDOWS (e18f30bb-0503-4b73-b971-b4b604347ad6)] -> xpath: //a[.='USD $']]
2020-04-16 12:27:34 INFO  MainPage:33 - Currency successfully change on: USD
2020-04-16 12:27:34 INFO  Listener:29 - Before to find: by: By.className: price
2020-04-16 12:27:34 INFO  Listener:34 - Found element By : By.className: price
2020-04-16 12:27:34 INFO  Listener:29 - Before to find: by: By.className: price
2020-04-16 12:27:35 INFO  Listener:34 - Found element By : By.className: price
2020-04-16 12:27:35 INFO  MainPage:39 - Verifying product's price value type ...
2020-04-16 12:27:37 INFO  ConfigTest:45 - Driver successfully quit
2020-04-16 13:23:23 INFO  ConfigTest:61 - Get Event driver successfully
2020-04-16 13:23:23 INFO  Listener:19 - Before navigating to: 'http://prestashop-automation.qatestlab.com.ua/ru/
2020-04-16 13:23:24 INFO  Listener:24 - Navigated to: 'http://prestashop-automation.qatestlab.com.ua/ru/
2020-04-16 13:23:24 INFO  ConfigTest:38 - Driver successfully setup
2020-04-16 13:23:24 INFO  Listener:29 - Before to find: by: By.className: product-miniature
2020-04-16 13:23:24 INFO  Listener:34 - Found element By : By.className: product-miniature
2020-04-16 13:23:25 INFO  MainPage:117 - Check discount : 5.0 is correctly
2020-04-16 13:23:25 INFO  Listener:29 - Before to find: by: By.cssSelector: .expand-more._gray-darker
2020-04-16 13:23:25 INFO  Listener:34 - Found element By : By.cssSelector: .expand-more._gray-darker
2020-04-16 13:23:25 INFO  Listener:39 - Before to click on [[FirefoxDriver: firefox on WINDOWS (9a5477ed-c212-4f7e-9beb-7ed33d1a0f62)] -> css selector: .expand-more._gray-darker]
2020-04-16 13:23:25 INFO  Listener:44 - After to click on [[FirefoxDriver: firefox on WINDOWS (9a5477ed-c212-4f7e-9beb-7ed33d1a0f62)] -> css selector: .expand-more._gray-darker]
2020-04-16 13:23:25 INFO  Listener:29 - Before to find: by: By.xpath: //a[.='EUR €']
2020-04-16 13:23:25 INFO  Listener:34 - Found element By : By.xpath: //a[.='EUR €']
2020-04-16 13:23:25 INFO  Listener:39 - Before to click on [[FirefoxDriver: firefox on WINDOWS (9a5477ed-c212-4f7e-9beb-7ed33d1a0f62)] -> xpath: //a[.='EUR €']]
2020-04-16 13:23:26 INFO  Listener:44 - After to click on [[FirefoxDriver: firefox on WINDOWS (9a5477ed-c212-4f7e-9beb-7ed33d1a0f62)] -> xpath: //a[.='EUR €']]
2020-04-16 13:23:26 INFO  MainPage:33 - Currency successfully change on: EUR
2020-04-16 13:23:26 INFO  Listener:29 - Before to find: by: By.className: price
2020-04-16 13:23:26 INFO  Listener:34 - Found element By : By.className: price
2020-04-16 13:23:26 INFO  Listener:29 - Before to find: by: By.className: price
2020-04-16 13:23:27 INFO  Listener:34 - Found element By : By.className: price
2020-04-16 13:23:27 INFO  MainPage:39 - Verifying product's price value type ...
2020-04-16 13:23:27 INFO  Listener:29 - Before to find: by: By.cssSelector: .expand-more._gray-darker
2020-04-16 13:23:27 INFO  Listener:34 - Found element By : By.cssSelector: .expand-more._gray-darker
2020-04-16 13:23:27 INFO  Listener:39 - Before to click on [[FirefoxDriver: firefox on WINDOWS (9a5477ed-c212-4f7e-9beb-7ed33d1a0f62)] -> css selector: .expand-more._gray-darker]
2020-04-16 13:23:27 INFO  Listener:44 - After to click on [[FirefoxDriver: firefox on WINDOWS (9a5477ed-c212-4f7e-9beb-7ed33d1a0f62)] -> css selector: .expand-more._gray-darker]
2020-04-16 13:23:27 INFO  Listener:29 - Before to find: by: By.xpath: //a[.='USD $']
2020-04-16 13:23:27 INFO  Listener:34 - Found element By : By.xpath: //a[.='USD $']
2020-04-16 13:23:27 INFO  Listener:39 - Before to click on [[FirefoxDriver: firefox on WINDOWS (9a5477ed-c212-4f7e-9beb-7ed33d1a0f62)] -> xpath: //a[.='USD $']]
2020-04-16 13:23:28 INFO  Listener:44 - After to click on [[FirefoxDriver: firefox on WINDOWS (9a5477ed-c212-4f7e-9beb-7ed33d1a0f62)] -> xpath: //a[.='USD $']]
2020-04-16 13:23:28 INFO  MainPage:33 - Currency successfully change on: USD
2020-04-16 13:23:28 INFO  Listener:29 - Before to find: by: By.name: s
2020-04-16 13:23:28 INFO  Listener:34 - Found element By : By.name: s
2020-04-16 13:23:28 INFO  Listener:49 - Before to change value of [[FirefoxDriver: firefox on WINDOWS (9a5477ed-c212-4f7e-9beb-7ed33d1a0f62)] -> name: s] on [dress]
2020-04-16 13:23:28 INFO  Listener:55 - After to change value of [[FirefoxDriver: firefox on WINDOWS (9a5477ed-c212-4f7e-9beb-7ed33d1a0f62)] -> name: s] on [dress]
2020-04-16 13:23:28 INFO  Listener:29 - Before to find: by: By.name: s
2020-04-16 13:23:28 INFO  Listener:34 - Found element By : By.name: s
2020-04-16 13:23:28 INFO  MainPage:22 - Products successfully found.
2020-04-16 13:23:28 INFO  Listener:29 - Before to find: by: By.className: total-products
2020-04-16 13:23:28 INFO  Listener:34 - Found element By : By.className: total-products
2020-04-16 13:23:28 INFO  MainPage:30 - Count product = 7
2020-04-16 13:23:28 INFO  Listener:29 - Before to find: by: By.className: product-miniature
2020-04-16 13:23:28 INFO  Listener:34 - Found element By : By.className: product-miniature
2020-04-16 13:23:28 INFO  MainPage:34 - Count product image = 7
2020-04-16 13:23:28 INFO  Listener:29 - Before to find: by: By.className: price
2020-04-16 13:23:28 INFO  Listener:34 - Found element By : By.className: price
2020-04-16 13:23:29 INFO  MainPage:49 - Check symbol value USD
2020-04-16 13:23:29 INFO  Listener:29 - Before to find: by: By.className: select-title
2020-04-16 13:23:29 INFO  Listener:34 - Found element By : By.className: select-title
2020-04-16 13:23:29 INFO  Listener:39 - Before to click on [[FirefoxDriver: firefox on WINDOWS (9a5477ed-c212-4f7e-9beb-7ed33d1a0f62)] -> class name: select-title]
2020-04-16 13:23:29 INFO  Listener:44 - After to click on [[FirefoxDriver: firefox on WINDOWS (9a5477ed-c212-4f7e-9beb-7ed33d1a0f62)] -> class name: select-title]
2020-04-16 13:23:29 INFO  Listener:29 - Before to find: by: By.cssSelector: #js-product-list-top > div:nth-child(2) > div > div > div > a:nth-child(5)
2020-04-16 13:23:29 INFO  Listener:34 - Found element By : By.cssSelector: #js-product-list-top > div:nth-child(2) > div > div > div > a:nth-child(5)
2020-04-16 13:23:29 INFO  Listener:39 - Before to click on [[FirefoxDriver: firefox on WINDOWS (9a5477ed-c212-4f7e-9beb-7ed33d1a0f62)] -> css selector: #js-product-list-top > div:nth-child(2) > div > div > div > a:nth-child(5)]
2020-04-16 13:23:29 INFO  Listener:44 - After to click on [[FirefoxDriver: firefox on WINDOWS (9a5477ed-c212-4f7e-9beb-7ed33d1a0f62)] -> css selector: #js-product-list-top > div:nth-child(2) > div > div > div > a:nth-child(5)]
2020-04-16 13:23:29 INFO  MainPage:69 - Selected sorting from high to low
2020-04-16 13:23:29 INFO  Listener:29 - Before to find: by: By.className: product-price-and-shipping
2020-04-16 13:23:29 INFO  Listener:34 - Found element By : By.className: product-price-and-shipping
2020-04-16 13:23:30 INFO  Listener:29 - Before to find: by: By.className: price
2020-04-16 13:23:30 INFO  Listener:34 - Found element By : By.className: price
2020-04-16 13:23:30 INFO  Listener:29 - Before to find: by: By.className: regular-price
2020-04-16 13:23:30 INFO  Listener:34 - Found element By : By.className: regular-price
2020-04-16 13:23:30 INFO  Listener:29 - Before to find: by: By.className: price
2020-04-16 13:23:30 INFO  Listener:34 - Found element By : By.className: price
2020-04-16 13:23:30 INFO  Listener:29 - Before to find: by: By.className: price
2020-04-16 13:23:30 INFO  Listener:34 - Found element By : By.className: price
2020-04-16 13:23:30 INFO  Listener:29 - Before to find: by: By.className: price
2020-04-16 13:23:30 INFO  Listener:34 - Found element By : By.className: price
2020-04-16 13:23:30 INFO  Listener:29 - Before to find: by: By.className: regular-price
2020-04-16 13:23:30 INFO  Listener:34 - Found element By : By.className: regular-price
2020-04-16 13:23:30 INFO  Listener:29 - Before to find: by: By.className: price
2020-04-16 13:23:30 INFO  Listener:34 - Found element By : By.className: price
2020-04-16 13:23:30 INFO  MainPage:87 - Check sorting without discount is true
2020-04-16 13:23:30 INFO  Listener:29 - Before to find: by: By.cssSelector: .expand-more._gray-darker
2020-04-16 13:23:30 INFO  Listener:34 - Found element By : By.cssSelector: .expand-more._gray-darker
2020-04-16 13:23:30 INFO  Listener:39 - Before to click on [[FirefoxDriver: firefox on WINDOWS (9a5477ed-c212-4f7e-9beb-7ed33d1a0f62)] -> css selector: .expand-more._gray-darker]
2020-04-16 13:23:30 INFO  Listener:44 - After to click on [[FirefoxDriver: firefox on WINDOWS (9a5477ed-c212-4f7e-9beb-7ed33d1a0f62)] -> css selector: .expand-more._gray-darker]
2020-04-16 13:23:30 INFO  Listener:29 - Before to find: by: By.xpath: //a[.='UAH ₴']
2020-04-16 13:23:30 INFO  Listener:34 - Found element By : By.xpath: //a[.='UAH ₴']
2020-04-16 13:23:30 INFO  Listener:39 - Before to click on [[FirefoxDriver: firefox on WINDOWS (9a5477ed-c212-4f7e-9beb-7ed33d1a0f62)] -> xpath: //a[.='UAH ₴']]
2020-04-16 13:23:31 INFO  Listener:44 - After to click on [[FirefoxDriver: firefox on WINDOWS (9a5477ed-c212-4f7e-9beb-7ed33d1a0f62)] -> xpath: //a[.='UAH ₴']]
2020-04-16 13:23:31 INFO  MainPage:33 - Currency successfully change on: UAH
2020-04-16 13:23:31 INFO  Listener:29 - Before to find: by: By.className: price
2020-04-16 13:23:31 INFO  Listener:34 - Found element By : By.className: price
2020-04-16 13:23:31 INFO  Listener:29 - Before to find: by: By.className: price
2020-04-16 13:23:32 INFO  Listener:34 - Found element By : By.className: price
2020-04-16 13:23:32 INFO  MainPage:39 - Verifying product's price value type ...
2020-04-16 13:23:32 INFO  Listener:29 - Before to find: by: By.cssSelector: .expand-more._gray-darker
2020-04-16 13:23:32 INFO  Listener:34 - Found element By : By.cssSelector: .expand-more._gray-darker
2020-04-16 13:23:32 INFO  Listener:39 - Before to click on [[FirefoxDriver: firefox on WINDOWS (9a5477ed-c212-4f7e-9beb-7ed33d1a0f62)] -> css selector: .expand-more._gray-darker]
2020-04-16 13:23:32 INFO  Listener:44 - After to click on [[FirefoxDriver: firefox on WINDOWS (9a5477ed-c212-4f7e-9beb-7ed33d1a0f62)] -> css selector: .expand-more._gray-darker]
2020-04-16 13:23:32 INFO  Listener:29 - Before to find: by: By.xpath: //a[.='USD $']
2020-04-16 13:23:32 INFO  Listener:34 - Found element By : By.xpath: //a[.='USD $']
2020-04-16 13:23:33 INFO  Listener:29 - Before to find: by: By.xpath: //a[.='USD $']
2020-04-16 13:23:33 INFO  Listener:34 - Found element By : By.xpath: //a[.='USD $']
2020-04-16 13:23:33 INFO  Listener:39 - Before to click on [[FirefoxDriver: firefox on WINDOWS (9a5477ed-c212-4f7e-9beb-7ed33d1a0f62)] -> xpath: //a[.='USD $']]
2020-04-16 13:23:34 INFO  Listener:44 - After to click on [[FirefoxDriver: firefox on WINDOWS (9a5477ed-c212-4f7e-9beb-7ed33d1a0f62)] -> xpath: //a[.='USD $']]
2020-04-16 13:23:34 INFO  MainPage:33 - Currency successfully change on: USD
2020-04-16 13:23:34 INFO  Listener:29 - Before to find: by: By.className: price
2020-04-16 13:23:34 INFO  Listener:34 - Found element By : By.className: price
2020-04-16 13:23:34 INFO  Listener:29 - Before to find: by: By.className: price
2020-04-16 13:23:35 INFO  Listener:34 - Found element By : By.className: price
2020-04-16 13:23:35 INFO  MainPage:39 - Verifying product's price value type ...
2020-04-16 13:23:36 INFO  ConfigTest:45 - Driver successfully quit
2020-04-17 13:39:25 INFO  ConfigTest:61 - Get Event driver successfully
2020-04-17 13:39:25 INFO  Listener:19 - Before navigating to: 'http://prestashop-automation.qatestlab.com.ua/ru/
2020-04-17 13:39:26 INFO  Listener:24 - Navigated to: 'http://prestashop-automation.qatestlab.com.ua/ru/
2020-04-17 13:39:26 INFO  ConfigTest:38 - Driver successfully setup
2020-04-17 13:39:27 INFO  Listener:29 - Before to find: by: By.className: product-miniature
2020-04-17 13:39:27 INFO  Listener:34 - Found element By : By.className: product-miniature
2020-04-17 13:39:27 INFO  MainPage:117 - Check discount : 5.0 is correctly
2020-04-17 13:39:27 INFO  Listener:29 - Before to find: by: By.cssSelector: .expand-more._gray-darker
2020-04-17 13:39:27 INFO  Listener:34 - Found element By : By.cssSelector: .expand-more._gray-darker
2020-04-17 13:39:27 INFO  Listener:39 - Before to click on [[FirefoxDriver: firefox on WINDOWS (505bf492-fd99-43be-9d9b-739da6501f12)] -> css selector: .expand-more._gray-darker]
2020-04-17 13:39:27 INFO  Listener:44 - After to click on [[FirefoxDriver: firefox on WINDOWS (505bf492-fd99-43be-9d9b-739da6501f12)] -> css selector: .expand-more._gray-darker]
2020-04-17 13:39:27 INFO  Listener:29 - Before to find: by: By.xpath: //a[.='EUR €']
2020-04-17 13:39:27 INFO  Listener:34 - Found element By : By.xpath: //a[.='EUR €']
2020-04-17 13:39:28 INFO  Listener:39 - Before to click on [[FirefoxDriver: firefox on WINDOWS (505bf492-fd99-43be-9d9b-739da6501f12)] -> xpath: //a[.='EUR €']]
2020-04-17 13:39:28 INFO  Listener:44 - After to click on [[FirefoxDriver: firefox on WINDOWS (505bf492-fd99-43be-9d9b-739da6501f12)] -> xpath: //a[.='EUR €']]
2020-04-17 13:39:28 INFO  MainPage:33 - Currency successfully change on: EUR
2020-04-17 13:39:28 INFO  Listener:29 - Before to find: by: By.className: price
2020-04-17 13:39:28 INFO  Listener:34 - Found element By : By.className: price
2020-04-17 13:39:28 INFO  Listener:29 - Before to find: by: By.className: price
2020-04-17 13:39:29 INFO  Listener:34 - Found element By : By.className: price
2020-04-17 13:39:29 INFO  MainPage:39 - Verifying product's price value type ...
2020-04-17 13:39:29 INFO  Listener:29 - Before to find: by: By.cssSelector: .expand-more._gray-darker
2020-04-17 13:39:29 INFO  Listener:34 - Found element By : By.cssSelector: .expand-more._gray-darker
2020-04-17 13:39:29 INFO  Listener:39 - Before to click on [[FirefoxDriver: firefox on WINDOWS (505bf492-fd99-43be-9d9b-739da6501f12)] -> css selector: .expand-more._gray-darker]
2020-04-17 13:39:29 INFO  Listener:44 - After to click on [[FirefoxDriver: firefox on WINDOWS (505bf492-fd99-43be-9d9b-739da6501f12)] -> css selector: .expand-more._gray-darker]
2020-04-17 13:39:29 INFO  Listener:29 - Before to find: by: By.xpath: //a[.='USD $']
2020-04-17 13:39:29 INFO  Listener:34 - Found element By : By.xpath: //a[.='USD $']
2020-04-17 13:39:29 INFO  Listener:39 - Before to click on [[FirefoxDriver: firefox on WINDOWS (505bf492-fd99-43be-9d9b-739da6501f12)] -> xpath: //a[.='USD $']]
2020-04-17 13:39:30 INFO  Listener:44 - After to click on [[FirefoxDriver: firefox on WINDOWS (505bf492-fd99-43be-9d9b-739da6501f12)] -> xpath: //a[.='USD $']]
2020-04-17 13:39:30 INFO  MainPage:33 - Currency successfully change on: USD
2020-04-17 13:39:30 INFO  Listener:29 - Before to find: by: By.name: s
2020-04-17 13:39:30 INFO  Listener:34 - Found element By : By.name: s
2020-04-17 13:39:30 INFO  Listener:49 - Before to change value of [[FirefoxDriver: firefox on WINDOWS (505bf492-fd99-43be-9d9b-739da6501f12)] -> name: s] on [dress]
2020-04-17 13:39:30 INFO  Listener:55 - After to change value of [[FirefoxDriver: firefox on WINDOWS (505bf492-fd99-43be-9d9b-739da6501f12)] -> name: s] on [dress]
2020-04-17 13:39:30 INFO  Listener:29 - Before to find: by: By.name: s
2020-04-17 13:39:30 INFO  Listener:34 - Found element By : By.name: s
2020-04-17 13:39:30 INFO  MainPage:22 - Products successfully found.
2020-04-17 13:39:30 INFO  Listener:29 - Before to find: by: By.className: total-products
2020-04-17 13:39:31 INFO  Listener:34 - Found element By : By.className: total-products
2020-04-17 13:39:31 INFO  MainPage:30 - Count product = 7
2020-04-17 13:39:31 INFO  Listener:29 - Before to find: by: By.className: product-miniature
2020-04-17 13:39:31 INFO  Listener:34 - Found element By : By.className: product-miniature
2020-04-17 13:39:31 INFO  MainPage:34 - Count product image = 7
2020-04-17 13:39:31 INFO  Listener:29 - Before to find: by: By.className: price
2020-04-17 13:39:31 INFO  Listener:34 - Found element By : By.className: price
2020-04-17 13:39:31 INFO  MainPage:49 - Check symbol value USD
2020-04-17 13:39:31 INFO  Listener:29 - Before to find: by: By.className: select-title
2020-04-17 13:39:31 INFO  Listener:34 - Found element By : By.className: select-title
2020-04-17 13:39:31 INFO  Listener:39 - Before to click on [[FirefoxDriver: firefox on WINDOWS (505bf492-fd99-43be-9d9b-739da6501f12)] -> class name: select-title]
2020-04-17 13:39:31 INFO  Listener:44 - After to click on [[FirefoxDriver: firefox on WINDOWS (505bf492-fd99-43be-9d9b-739da6501f12)] -> class name: select-title]
2020-04-17 13:39:31 INFO  Listener:29 - Before to find: by: By.cssSelector: #js-product-list-top > div:nth-child(2) > div > div > div > a:nth-child(5)
2020-04-17 13:39:32 INFO  Listener:34 - Found element By : By.cssSelector: #js-product-list-top > div:nth-child(2) > div > div > div > a:nth-child(5)
2020-04-17 13:39:32 INFO  Listener:39 - Before to click on [[FirefoxDriver: firefox on WINDOWS (505bf492-fd99-43be-9d9b-739da6501f12)] -> css selector: #js-product-list-top > div:nth-child(2) > div > div > div > a:nth-child(5)]
2020-04-17 13:39:32 INFO  Listener:44 - After to click on [[FirefoxDriver: firefox on WINDOWS (505bf492-fd99-43be-9d9b-739da6501f12)] -> css selector: #js-product-list-top > div:nth-child(2) > div > div > div > a:nth-child(5)]
2020-04-17 13:39:32 INFO  MainPage:69 - Selected sorting from high to low
2020-04-17 13:39:32 INFO  Listener:29 - Before to find: by: By.className: product-price-and-shipping
2020-04-17 13:39:32 INFO  Listener:34 - Found element By : By.className: product-price-and-shipping
2020-04-17 13:39:32 INFO  Listener:29 - Before to find: by: By.className: price
2020-04-17 13:39:32 INFO  Listener:34 - Found element By : By.className: price
2020-04-17 13:39:32 INFO  Listener:29 - Before to find: by: By.className: regular-price
2020-04-17 13:39:32 INFO  Listener:34 - Found element By : By.className: regular-price
2020-04-17 13:39:32 INFO  Listener:29 - Before to find: by: By.className: price
2020-04-17 13:39:32 INFO  Listener:34 - Found element By : By.className: price
2020-04-17 13:39:32 INFO  Listener:29 - Before to find: by: By.className: price
2020-04-17 13:39:32 INFO  Listener:34 - Found element By : By.className: price
2020-04-17 13:39:32 INFO  Listener:29 - Before to find: by: By.className: price
2020-04-17 13:39:32 INFO  Listener:34 - Found element By : By.className: price
2020-04-17 13:39:32 INFO  Listener:29 - Before to find: by: By.className: regular-price
2020-04-17 13:39:33 INFO  Listener:34 - Found element By : By.className: regular-price
2020-04-17 13:39:33 INFO  Listener:29 - Before to find: by: By.className: price
2020-04-17 13:39:33 INFO  Listener:34 - Found element By : By.className: price
2020-04-17 13:39:33 INFO  MainPage:87 - Check sorting without discount is true
2020-04-17 13:39:33 INFO  Listener:29 - Before to find: by: By.cssSelector: .expand-more._gray-darker
2020-04-17 13:39:33 INFO  Listener:34 - Found element By : By.cssSelector: .expand-more._gray-darker
2020-04-17 13:39:33 INFO  Listener:39 - Before to click on [[FirefoxDriver: firefox on WINDOWS (505bf492-fd99-43be-9d9b-739da6501f12)] -> css selector: .expand-more._gray-darker]
2020-04-17 13:39:33 INFO  Listener:44 - After to click on [[FirefoxDriver: firefox on WINDOWS (505bf492-fd99-43be-9d9b-739da6501f12)] -> css selector: .expand-more._gray-darker]
2020-04-17 13:39:33 INFO  Listener:29 - Before to find: by: By.xpath: //a[.='UAH ₴']
2020-04-17 13:39:33 INFO  Listener:34 - Found element By : By.xpath: //a[.='UAH ₴']
2020-04-17 13:39:33 INFO  Listener:39 - Before to click on [[FirefoxDriver: firefox on WINDOWS (505bf492-fd99-43be-9d9b-739da6501f12)] -> xpath: //a[.='UAH ₴']]
2020-04-17 13:39:34 INFO  Listener:44 - After to click on [[FirefoxDriver: firefox on WINDOWS (505bf492-fd99-43be-9d9b-739da6501f12)] -> xpath: //a[.='UAH ₴']]
2020-04-17 13:39:34 INFO  MainPage:33 - Currency successfully change on: UAH
2020-04-17 13:39:34 INFO  Listener:29 - Before to find: by: By.className: price
2020-04-17 13:39:34 INFO  Listener:34 - Found element By : By.className: price
2020-04-17 13:39:34 INFO  Listener:29 - Before to find: by: By.className: price
2020-04-17 13:39:35 INFO  Listener:34 - Found element By : By.className: price
2020-04-17 13:39:35 INFO  MainPage:39 - Verifying product's price value type ...
2020-04-17 13:39:35 INFO  Listener:29 - Before to find: by: By.cssSelector: .expand-more._gray-darker
2020-04-17 13:39:35 INFO  Listener:34 - Found element By : By.cssSelector: .expand-more._gray-darker
2020-04-17 13:39:35 INFO  Listener:39 - Before to click on [[FirefoxDriver: firefox on WINDOWS (505bf492-fd99-43be-9d9b-739da6501f12)] -> css selector: .expand-more._gray-darker]
2020-04-17 13:39:35 INFO  Listener:44 - After to click on [[FirefoxDriver: firefox on WINDOWS (505bf492-fd99-43be-9d9b-739da6501f12)] -> css selector: .expand-more._gray-darker]
2020-04-17 13:39:35 INFO  Listener:29 - Before to find: by: By.xpath: //a[.='USD $']
2020-04-17 13:39:35 INFO  Listener:34 - Found element By : By.xpath: //a[.='USD $']
2020-04-17 13:39:36 INFO  Listener:29 - Before to find: by: By.xpath: //a[.='USD $']
2020-04-17 13:39:36 INFO  Listener:34 - Found element By : By.xpath: //a[.='USD $']
2020-04-17 13:39:36 INFO  Listener:39 - Before to click on [[FirefoxDriver: firefox on WINDOWS (505bf492-fd99-43be-9d9b-739da6501f12)] -> xpath: //a[.='USD $']]
2020-04-17 13:39:37 INFO  Listener:44 - After to click on [[FirefoxDriver: firefox on WINDOWS (505bf492-fd99-43be-9d9b-739da6501f12)] -> xpath: //a[.='USD $']]
2020-04-17 13:39:37 INFO  MainPage:33 - Currency successfully change on: USD
2020-04-17 13:39:37 INFO  Listener:29 - Before to find: by: By.className: price
2020-04-17 13:39:37 INFO  Listener:34 - Found element By : By.className: price
2020-04-17 13:39:37 INFO  Listener:29 - Before to find: by: By.className: price
2020-04-17 13:39:38 INFO  Listener:34 - Found element By : By.className: price
2020-04-17 13:39:38 INFO  MainPage:39 - Verifying product's price value type ...
2020-04-17 13:39:39 INFO  ConfigTest:45 - Driver successfully quit
2020-04-17 13:40:14 INFO  ConfigTest:61 - Get Event driver successfully
2020-04-17 13:40:14 INFO  Listener:19 - Before navigating to: 'http://prestashop-automation.qatestlab.com.ua/ru/
2020-04-17 13:40:15 INFO  Listener:24 - Navigated to: 'http://prestashop-automation.qatestlab.com.ua/ru/
2020-04-17 13:40:15 INFO  ConfigTest:38 - Driver successfully setup
2020-04-17 13:40:15 INFO  Listener:29 - Before to find: by: By.className: product-miniature
2020-04-17 13:40:15 INFO  Listener:34 - Found element By : By.className: product-miniature
2020-04-17 13:40:16 INFO  MainPage:117 - Check discount : 5.0 is correctly
2020-04-17 13:40:16 INFO  Listener:29 - Before to find: by: By.cssSelector: .expand-more._gray-darker
2020-04-17 13:40:16 INFO  Listener:34 - Found element By : By.cssSelector: .expand-more._gray-darker
2020-04-17 13:40:16 INFO  Listener:39 - Before to click on [[FirefoxDriver: firefox on WINDOWS (7793818c-73dc-4352-85da-8fef9fe6be59)] -> css selector: .expand-more._gray-darker]
2020-04-17 13:40:16 INFO  Listener:44 - After to click on [[FirefoxDriver: firefox on WINDOWS (7793818c-73dc-4352-85da-8fef9fe6be59)] -> css selector: .expand-more._gray-darker]
2020-04-17 13:40:16 INFO  Listener:29 - Before to find: by: By.xpath: //a[.='EUR €']
2020-04-17 13:40:16 INFO  Listener:34 - Found element By : By.xpath: //a[.='EUR €']
2020-04-17 13:40:16 INFO  Listener:39 - Before to click on [[FirefoxDriver: firefox on WINDOWS (7793818c-73dc-4352-85da-8fef9fe6be59)] -> xpath: //a[.='EUR €']]
2020-04-17 13:40:17 INFO  Listener:44 - After to click on [[FirefoxDriver: firefox on WINDOWS (7793818c-73dc-4352-85da-8fef9fe6be59)] -> xpath: //a[.='EUR €']]
2020-04-17 13:40:17 INFO  MainPage:33 - Currency successfully change on: EUR
2020-04-17 13:40:17 INFO  Listener:29 - Before to find: by: By.className: price
2020-04-17 13:40:17 INFO  Listener:34 - Found element By : By.className: price
2020-04-17 13:40:17 INFO  Listener:29 - Before to find: by: By.className: price
2020-04-17 13:40:18 INFO  Listener:34 - Found element By : By.className: price
2020-04-17 13:40:18 INFO  MainPage:39 - Verifying product's price value type ...
2020-04-17 13:40:18 INFO  Listener:29 - Before to find: by: By.cssSelector: .expand-more._gray-darker
2020-04-17 13:40:18 INFO  Listener:34 - Found element By : By.cssSelector: .expand-more._gray-darker
2020-04-17 13:40:18 INFO  Listener:39 - Before to click on [[FirefoxDriver: firefox on WINDOWS (7793818c-73dc-4352-85da-8fef9fe6be59)] -> css selector: .expand-more._gray-darker]
2020-04-17 13:40:18 INFO  Listener:44 - After to click on [[FirefoxDriver: firefox on WINDOWS (7793818c-73dc-4352-85da-8fef9fe6be59)] -> css selector: .expand-more._gray-darker]
2020-04-17 13:40:18 INFO  Listener:29 - Before to find: by: By.xpath: //a[.='USD $']
2020-04-17 13:40:18 INFO  Listener:34 - Found element By : By.xpath: //a[.='USD $']
2020-04-17 13:40:19 INFO  Listener:29 - Before to find: by: By.xpath: //a[.='USD $']
2020-04-17 13:40:19 INFO  Listener:34 - Found element By : By.xpath: //a[.='USD $']
2020-04-17 13:40:19 INFO  Listener:39 - Before to click on [[FirefoxDriver: firefox on WINDOWS (7793818c-73dc-4352-85da-8fef9fe6be59)] -> xpath: //a[.='USD $']]
2020-04-17 13:40:20 INFO  Listener:44 - After to click on [[FirefoxDriver: firefox on WINDOWS (7793818c-73dc-4352-85da-8fef9fe6be59)] -> xpath: //a[.='USD $']]
2020-04-17 13:40:20 INFO  MainPage:33 - Currency successfully change on: USD
2020-04-17 13:40:20 INFO  Listener:29 - Before to find: by: By.name: s
2020-04-17 13:40:20 INFO  Listener:34 - Found element By : By.name: s
2020-04-17 13:40:20 INFO  Listener:49 - Before to change value of [[FirefoxDriver: firefox on WINDOWS (7793818c-73dc-4352-85da-8fef9fe6be59)] -> name: s] on [dress]
2020-04-17 13:40:20 INFO  Listener:55 - After to change value of [[FirefoxDriver: firefox on WINDOWS (7793818c-73dc-4352-85da-8fef9fe6be59)] -> name: s] on [dress]
2020-04-17 13:40:20 INFO  Listener:29 - Before to find: by: By.name: s
2020-04-17 13:40:20 INFO  Listener:34 - Found element By : By.name: s
2020-04-17 13:40:20 INFO  MainPage:22 - Products successfully found.
2020-04-17 13:40:20 INFO  Listener:29 - Before to find: by: By.className: total-products
2020-04-17 13:40:20 INFO  Listener:34 - Found element By : By.className: total-products
2020-04-17 13:40:20 INFO  MainPage:30 - Count product = 7
2020-04-17 13:40:20 INFO  Listener:29 - Before to find: by: By.className: product-miniature
2020-04-17 13:40:20 INFO  Listener:34 - Found element By : By.className: product-miniature
2020-04-17 13:40:21 INFO  MainPage:34 - Count product image = 7
2020-04-17 13:40:21 INFO  Listener:29 - Before to find: by: By.className: price
2020-04-17 13:40:21 INFO  Listener:34 - Found element By : By.className: price
2020-04-17 13:40:21 INFO  MainPage:49 - Check symbol value USD
2020-04-17 13:40:21 INFO  Listener:29 - Before to find: by: By.className: select-title
2020-04-17 13:40:21 INFO  Listener:34 - Found element By : By.className: select-title
2020-04-17 13:40:21 INFO  Listener:39 - Before to click on [[FirefoxDriver: firefox on WINDOWS (7793818c-73dc-4352-85da-8fef9fe6be59)] -> class name: select-title]
2020-04-17 13:40:21 INFO  Listener:44 - After to click on [[FirefoxDriver: firefox on WINDOWS (7793818c-73dc-4352-85da-8fef9fe6be59)] -> class name: select-title]
2020-04-17 13:40:21 INFO  Listener:29 - Before to find: by: By.cssSelector: #js-product-list-top > div:nth-child(2) > div > div > div > a:nth-child(5)
2020-04-17 13:40:21 INFO  Listener:34 - Found element By : By.cssSelector: #js-product-list-top > div:nth-child(2) > div > div > div > a:nth-child(5)
2020-04-17 13:40:21 INFO  Listener:39 - Before to click on [[FirefoxDriver: firefox on WINDOWS (7793818c-73dc-4352-85da-8fef9fe6be59)] -> css selector: #js-product-list-top > div:nth-child(2) > div > div > div > a:nth-child(5)]
2020-04-17 13:40:22 INFO  Listener:44 - After to click on [[FirefoxDriver: firefox on WINDOWS (7793818c-73dc-4352-85da-8fef9fe6be59)] -> css selector: #js-product-list-top > div:nth-child(2) > div > div > div > a:nth-child(5)]
2020-04-17 13:40:22 INFO  MainPage:69 - Selected sorting from high to low
2020-04-17 13:40:22 INFO  Listener:29 - Before to find: by: By.className: product-price-and-shipping
2020-04-17 13:40:22 INFO  Listener:34 - Found element By : By.className: product-price-and-shipping
2020-04-17 13:40:22 INFO  Listener:29 - Before to find: by: By.className: price
2020-04-17 13:40:22 INFO  Listener:34 - Found element By : By.className: price
2020-04-17 13:40:22 INFO  Listener:29 - Before to find: by: By.className: regular-price
2020-04-17 13:40:22 INFO  Listener:34 - Found element By : By.className: regular-price
2020-04-17 13:40:22 INFO  Listener:29 - Before to find: by: By.className: price
2020-04-17 13:40:22 INFO  Listener:34 - Found element By : By.className: price
2020-04-17 13:40:22 INFO  Listener:29 - Before to find: by: By.className: price
2020-04-17 13:40:22 INFO  Listener:34 - Found element By : By.className: price
2020-04-17 13:40:22 INFO  Listener:29 - Before to find: by: By.className: price
2020-04-17 13:40:22 INFO  Listener:34 - Found element By : By.className: price
2020-04-17 13:40:22 INFO  Listener:29 - Before to find: by: By.className: regular-price
2020-04-17 13:40:22 INFO  Listener:34 - Found element By : By.className: regular-price
2020-04-17 13:40:22 INFO  Listener:29 - Before to find: by: By.className: price
2020-04-17 13:40:22 INFO  Listener:34 - Found element By : By.className: price
2020-04-17 13:40:22 INFO  MainPage:87 - Check sorting without discount is true
2020-04-17 13:40:22 INFO  Listener:29 - Before to find: by: By.cssSelector: .expand-more._gray-darker
2020-04-17 13:40:22 INFO  Listener:34 - Found element By : By.cssSelector: .expand-more._gray-darker
2020-04-17 13:40:22 INFO  Listener:39 - Before to click on [[FirefoxDriver: firefox on WINDOWS (7793818c-73dc-4352-85da-8fef9fe6be59)] -> css selector: .expand-more._gray-darker]
2020-04-17 13:40:22 INFO  Listener:44 - After to click on [[FirefoxDriver: firefox on WINDOWS (7793818c-73dc-4352-85da-8fef9fe6be59)] -> css selector: .expand-more._gray-darker]
2020-04-17 13:40:22 INFO  Listener:29 - Before to find: by: By.xpath: //a[.='UAH ₴']
2020-04-17 13:40:22 INFO  Listener:34 - Found element By : By.xpath: //a[.='UAH ₴']
2020-04-17 13:40:22 INFO  Listener:39 - Before to click on [[FirefoxDriver: firefox on WINDOWS (7793818c-73dc-4352-85da-8fef9fe6be59)] -> xpath: //a[.='UAH ₴']]
2020-04-17 13:40:23 INFO  Listener:44 - After to click on [[FirefoxDriver: firefox on WINDOWS (7793818c-73dc-4352-85da-8fef9fe6be59)] -> xpath: //a[.='UAH ₴']]
2020-04-17 13:40:23 INFO  MainPage:33 - Currency successfully change on: UAH
2020-04-17 13:40:23 INFO  Listener:29 - Before to find: by: By.className: price
2020-04-17 13:40:23 INFO  Listener:34 - Found element By : By.className: price
2020-04-17 13:40:23 INFO  Listener:29 - Before to find: by: By.className: price
2020-04-17 13:40:24 INFO  Listener:34 - Found element By : By.className: price
2020-04-17 13:40:24 INFO  MainPage:39 - Verifying product's price value type ...
2020-04-17 13:40:24 INFO  Listener:29 - Before to find: by: By.cssSelector: .expand-more._gray-darker
2020-04-17 13:40:24 INFO  Listener:34 - Found element By : By.cssSelector: .expand-more._gray-darker
2020-04-17 13:40:24 INFO  Listener:39 - Before to click on [[FirefoxDriver: firefox on WINDOWS (7793818c-73dc-4352-85da-8fef9fe6be59)] -> css selector: .expand-more._gray-darker]
2020-04-17 13:40:24 INFO  Listener:44 - After to click on [[FirefoxDriver: firefox on WINDOWS (7793818c-73dc-4352-85da-8fef9fe6be59)] -> css selector: .expand-more._gray-darker]
2020-04-17 13:40:24 INFO  Listener:29 - Before to find: by: By.xpath: //a[.='USD $']
2020-04-17 13:40:24 INFO  Listener:34 - Found element By : By.xpath: //a[.='USD $']
2020-04-17 13:40:25 INFO  Listener:29 - Before to find: by: By.xpath: //a[.='USD $']
2020-04-17 13:40:25 INFO  Listener:34 - Found element By : By.xpath: //a[.='USD $']
2020-04-17 13:40:25 INFO  Listener:39 - Before to click on [[FirefoxDriver: firefox on WINDOWS (7793818c-73dc-4352-85da-8fef9fe6be59)] -> xpath: //a[.='USD $']]
2020-04-17 13:40:26 INFO  Listener:44 - After to click on [[FirefoxDriver: firefox on WINDOWS (7793818c-73dc-4352-85da-8fef9fe6be59)] -> xpath: //a[.='USD $']]
2020-04-17 13:40:26 INFO  MainPage:33 - Currency successfully change on: USD
2020-04-17 13:40:26 INFO  Listener:29 - Before to find: by: By.className: price
2020-04-17 13:40:26 INFO  Listener:34 - Found element By : By.className: price
2020-04-17 13:40:26 INFO  Listener:29 - Before to find: by: By.className: price
2020-04-17 13:40:27 INFO  Listener:34 - Found element By : By.className: price
2020-04-17 13:40:27 INFO  MainPage:39 - Verifying product's price value type ...
2020-04-17 13:40:29 INFO  ConfigTest:45 - Driver successfully quit
2020-04-17 14:19:46 INFO  ConfigTest:61 - Get Event driver successfully
2020-04-17 14:19:46 INFO  Listener:19 - Before navigating to: 'http://prestashop-automation.qatestlab.com.ua/ru/
2020-04-17 14:19:47 INFO  Listener:24 - Navigated to: 'http://prestashop-automation.qatestlab.com.ua/ru/
2020-04-17 14:19:47 INFO  ConfigTest:38 - Driver successfully setup
2020-04-17 14:19:47 INFO  Listener:29 - Before to find: by: By.className: product-miniature
2020-04-17 14:19:47 INFO  Listener:34 - Found element By : By.className: product-miniature
2020-04-17 14:19:47 INFO  MainPage:117 - Check discount : 5.0 is correctly
2020-04-17 14:19:48 INFO  Listener:29 - Before to find: by: By.cssSelector: .expand-more._gray-darker
2020-04-17 14:19:48 INFO  Listener:34 - Found element By : By.cssSelector: .expand-more._gray-darker
2020-04-17 14:19:48 INFO  Listener:39 - Before to click on [[FirefoxDriver: firefox on WINDOWS (f7d42890-11a8-4be0-9237-40d7e76bec38)] -> css selector: .expand-more._gray-darker]
2020-04-17 14:19:48 INFO  Listener:44 - After to click on [[FirefoxDriver: firefox on WINDOWS (f7d42890-11a8-4be0-9237-40d7e76bec38)] -> css selector: .expand-more._gray-darker]
2020-04-17 14:19:48 INFO  Listener:29 - Before to find: by: By.xpath: //a[.='EUR €']
2020-04-17 14:19:48 INFO  Listener:34 - Found element By : By.xpath: //a[.='EUR €']
2020-04-17 14:19:48 INFO  Listener:39 - Before to click on [[FirefoxDriver: firefox on WINDOWS (f7d42890-11a8-4be0-9237-40d7e76bec38)] -> xpath: //a[.='EUR €']]
2020-04-17 14:19:49 INFO  Listener:44 - After to click on [[FirefoxDriver: firefox on WINDOWS (f7d42890-11a8-4be0-9237-40d7e76bec38)] -> xpath: //a[.='EUR €']]
2020-04-17 14:19:49 INFO  MainPage:33 - Currency successfully change on: EUR
2020-04-17 14:19:49 INFO  Listener:29 - Before to find: by: By.className: price
2020-04-17 14:19:49 INFO  Listener:34 - Found element By : By.className: price
2020-04-17 14:19:49 INFO  Listener:29 - Before to find: by: By.className: price
2020-04-17 14:19:50 INFO  Listener:34 - Found element By : By.className: price
2020-04-17 14:19:50 INFO  MainPage:39 - Verifying product's price value type ...
2020-04-17 14:19:50 INFO  Listener:29 - Before to find: by: By.cssSelector: .expand-more._gray-darker
2020-04-17 14:19:50 INFO  Listener:34 - Found element By : By.cssSelector: .expand-more._gray-darker
2020-04-17 14:19:50 INFO  Listener:39 - Before to click on [[FirefoxDriver: firefox on WINDOWS (f7d42890-11a8-4be0-9237-40d7e76bec38)] -> css selector: .expand-more._gray-darker]
2020-04-17 14:19:50 INFO  Listener:44 - After to click on [[FirefoxDriver: firefox on WINDOWS (f7d42890-11a8-4be0-9237-40d7e76bec38)] -> css selector: .expand-more._gray-darker]
2020-04-17 14:19:50 INFO  Listener:29 - Before to find: by: By.xpath: //a[.='USD $']
2020-04-17 14:19:50 INFO  Listener:34 - Found element By : By.xpath: //a[.='USD $']
2020-04-17 14:19:51 INFO  Listener:29 - Before to find: by: By.xpath: //a[.='USD $']
2020-04-17 14:19:51 INFO  Listener:34 - Found element By : By.xpath: //a[.='USD $']
2020-04-17 14:19:51 INFO  Listener:39 - Before to click on [[FirefoxDriver: firefox on WINDOWS (f7d42890-11a8-4be0-9237-40d7e76bec38)] -> xpath: //a[.='USD $']]
2020-04-17 14:19:52 INFO  Listener:44 - After to click on [[FirefoxDriver: firefox on WINDOWS (f7d42890-11a8-4be0-9237-40d7e76bec38)] -> xpath: //a[.='USD $']]
2020-04-17 14:19:52 INFO  MainPage:33 - Currency successfully change on: USD
2020-04-17 14:19:52 INFO  Listener:29 - Before to find: by: By.name: s
2020-04-17 14:19:52 INFO  Listener:34 - Found element By : By.name: s
2020-04-17 14:19:52 INFO  Listener:49 - Before to change value of [[FirefoxDriver: firefox on WINDOWS (f7d42890-11a8-4be0-9237-40d7e76bec38)] -> name: s] on [dress]
2020-04-17 14:19:52 INFO  Listener:55 - After to change value of [[FirefoxDriver: firefox on WINDOWS (f7d42890-11a8-4be0-9237-40d7e76bec38)] -> name: s] on [dress]
2020-04-17 14:19:52 INFO  Listener:29 - Before to find: by: By.name: s
2020-04-17 14:19:52 INFO  Listener:34 - Found element By : By.name: s
2020-04-17 14:19:52 INFO  MainPage:22 - Products successfully found.
2020-04-17 14:19:52 INFO  Listener:29 - Before to find: by: By.className: total-products
2020-04-17 14:19:52 INFO  Listener:34 - Found element By : By.className: total-products
2020-04-17 14:19:52 INFO  MainPage:30 - Count product = 7
2020-04-17 14:19:52 INFO  Listener:29 - Before to find: by: By.className: product-miniature
2020-04-17 14:19:52 INFO  Listener:34 - Found element By : By.className: product-miniature
2020-04-17 14:19:52 INFO  MainPage:34 - Count product image = 7
2020-04-17 14:19:52 INFO  Listener:29 - Before to find: by: By.className: price
2020-04-17 14:19:52 INFO  Listener:34 - Found element By : By.className: price
2020-04-17 14:19:53 INFO  MainPage:49 - Check symbol value USD
2020-04-17 14:19:53 INFO  Listener:29 - Before to find: by: By.className: select-title
2020-04-17 14:19:53 INFO  Listener:34 - Found element By : By.className: select-title
2020-04-17 14:19:53 INFO  Listener:39 - Before to click on [[FirefoxDriver: firefox on WINDOWS (f7d42890-11a8-4be0-9237-40d7e76bec38)] -> class name: select-title]
2020-04-17 14:19:53 INFO  Listener:44 - After to click on [[FirefoxDriver: firefox on WINDOWS (f7d42890-11a8-4be0-9237-40d7e76bec38)] -> class name: select-title]
2020-04-17 14:19:53 INFO  Listener:29 - Before to find: by: By.cssSelector: #js-product-list-top > div:nth-child(2) > div > div > div > a:nth-child(5)
2020-04-17 14:19:53 INFO  Listener:34 - Found element By : By.cssSelector: #js-product-list-top > div:nth-child(2) > div > div > div > a:nth-child(5)
2020-04-17 14:19:53 INFO  Listener:39 - Before to click on [[FirefoxDriver: firefox on WINDOWS (f7d42890-11a8-4be0-9237-40d7e76bec38)] -> css selector: #js-product-list-top > div:nth-child(2) > div > div > div > a:nth-child(5)]
2020-04-17 14:19:53 INFO  Listener:44 - After to click on [[FirefoxDriver: firefox on WINDOWS (f7d42890-11a8-4be0-9237-40d7e76bec38)] -> css selector: #js-product-list-top > div:nth-child(2) > div > div > div > a:nth-child(5)]
2020-04-17 14:19:53 INFO  MainPage:69 - Selected sorting from high to low
2020-04-17 14:19:53 INFO  Listener:29 - Before to find: by: By.className: product-price-and-shipping
2020-04-17 14:19:53 INFO  Listener:34 - Found element By : By.className: product-price-and-shipping
2020-04-17 14:19:54 INFO  Listener:29 - Before to find: by: By.className: price
2020-04-17 14:19:54 INFO  Listener:34 - Found element By : By.className: price
2020-04-17 14:19:54 INFO  Listener:29 - Before to find: by: By.className: regular-price
2020-04-17 14:19:54 INFO  Listener:34 - Found element By : By.className: regular-price
2020-04-17 14:19:54 INFO  Listener:29 - Before to find: by: By.className: price
2020-04-17 14:19:54 INFO  Listener:34 - Found element By : By.className: price
2020-04-17 14:19:54 INFO  Listener:29 - Before to find: by: By.className: price
2020-04-17 14:19:54 INFO  Listener:34 - Found element By : By.className: price
2020-04-17 14:19:54 INFO  Listener:29 - Before to find: by: By.className: price
2020-04-17 14:19:54 INFO  Listener:34 - Found element By : By.className: price
2020-04-17 14:19:54 INFO  Listener:29 - Before to find: by: By.className: regular-price
2020-04-17 14:19:54 INFO  Listener:34 - Found element By : By.className: regular-price
2020-04-17 14:19:54 INFO  Listener:29 - Before to find: by: By.className: price
2020-04-17 14:19:54 INFO  Listener:34 - Found element By : By.className: price
2020-04-17 14:19:54 INFO  MainPage:87 - Check sorting without discount is true
2020-04-17 14:19:54 INFO  Listener:29 - Before to find: by: By.cssSelector: .expand-more._gray-darker
2020-04-17 14:19:54 INFO  Listener:34 - Found element By : By.cssSelector: .expand-more._gray-darker
2020-04-17 14:19:54 INFO  Listener:39 - Before to click on [[FirefoxDriver: firefox on WINDOWS (f7d42890-11a8-4be0-9237-40d7e76bec38)] -> css selector: .expand-more._gray-darker]
2020-04-17 14:19:54 INFO  Listener:44 - After to click on [[FirefoxDriver: firefox on WINDOWS (f7d42890-11a8-4be0-9237-40d7e76bec38)] -> css selector: .expand-more._gray-darker]
2020-04-17 14:19:54 INFO  Listener:29 - Before to find: by: By.xpath: //a[.='UAH ₴']
2020-04-17 14:19:54 INFO  Listener:34 - Found element By : By.xpath: //a[.='UAH ₴']
2020-04-17 14:19:54 INFO  Listener:39 - Before to click on [[FirefoxDriver: firefox on WINDOWS (f7d42890-11a8-4be0-9237-40d7e76bec38)] -> xpath: //a[.='UAH ₴']]
2020-04-17 14:19:55 INFO  Listener:44 - After to click on [[FirefoxDriver: firefox on WINDOWS (f7d42890-11a8-4be0-9237-40d7e76bec38)] -> xpath: //a[.='UAH ₴']]
2020-04-17 14:19:55 INFO  MainPage:33 - Currency successfully change on: UAH
2020-04-17 14:19:55 INFO  Listener:29 - Before to find: by: By.className: price
2020-04-17 14:19:55 INFO  Listener:34 - Found element By : By.className: price
2020-04-17 14:19:55 INFO  Listener:29 - Before to find: by: By.className: price
2020-04-17 14:19:56 INFO  Listener:34 - Found element By : By.className: price
2020-04-17 14:19:56 INFO  MainPage:39 - Verifying product's price value type ...
2020-04-17 14:19:56 INFO  Listener:29 - Before to find: by: By.cssSelector: .expand-more._gray-darker
2020-04-17 14:19:56 INFO  Listener:34 - Found element By : By.cssSelector: .expand-more._gray-darker
2020-04-17 14:19:56 INFO  Listener:39 - Before to click on [[FirefoxDriver: firefox on WINDOWS (f7d42890-11a8-4be0-9237-40d7e76bec38)] -> css selector: .expand-more._gray-darker]
2020-04-17 14:19:56 INFO  Listener:44 - After to click on [[FirefoxDriver: firefox on WINDOWS (f7d42890-11a8-4be0-9237-40d7e76bec38)] -> css selector: .expand-more._gray-darker]
2020-04-17 14:19:56 INFO  Listener:29 - Before to find: by: By.xpath: //a[.='USD $']
2020-04-17 14:19:56 INFO  Listener:34 - Found element By : By.xpath: //a[.='USD $']
2020-04-17 14:19:56 INFO  Listener:39 - Before to click on [[FirefoxDriver: firefox on WINDOWS (f7d42890-11a8-4be0-9237-40d7e76bec38)] -> xpath: //a[.='USD $']]
2020-04-17 14:19:57 INFO  Listener:44 - After to click on [[FirefoxDriver: firefox on WINDOWS (f7d42890-11a8-4be0-9237-40d7e76bec38)] -> xpath: //a[.='USD $']]
2020-04-17 14:19:57 INFO  MainPage:33 - Currency successfully change on: USD
2020-04-17 14:19:57 INFO  Listener:29 - Before to find: by: By.className: price
2020-04-17 14:19:57 INFO  Listener:34 - Found element By : By.className: price
2020-04-17 14:19:57 INFO  Listener:29 - Before to find: by: By.className: price
2020-04-17 14:19:58 INFO  Listener:34 - Found element By : By.className: price
2020-04-17 14:19:58 INFO  MainPage:39 - Verifying product's price value type ...
2020-04-17 14:20:01 INFO  ConfigTest:45 - Driver successfully quit
2020-04-20 12:53:47 INFO  ConfigTest:61 - Get Event driver successfully
2020-04-20 12:53:47 INFO  Listener:19 - Before navigating to: 'http://prestashop-automation.qatestlab.com.ua/ru/
2020-04-20 12:53:48 INFO  Listener:24 - Navigated to: 'http://prestashop-automation.qatestlab.com.ua/ru/
2020-04-20 12:53:48 INFO  ConfigTest:38 - Driver successfully setup
2020-04-20 12:53:48 INFO  Listener:29 - Before to find: by: By.className: product-miniature
2020-04-20 12:53:48 INFO  Listener:34 - Found element By : By.className: product-miniature
2020-04-20 12:53:49 INFO  MainPage:117 - Check discount : 5.0 is correctly
2020-04-20 12:53:49 INFO  Listener:29 - Before to find: by: By.cssSelector: .expand-more._gray-darker
2020-04-20 12:53:49 INFO  Listener:34 - Found element By : By.cssSelector: .expand-more._gray-darker
2020-04-20 12:53:49 INFO  Listener:39 - Before to click on [[FirefoxDriver: firefox on WINDOWS (8bbeab36-080f-491b-803a-d90d2180a8a3)] -> css selector: .expand-more._gray-darker]
2020-04-20 12:53:49 INFO  Listener:44 - After to click on [[FirefoxDriver: firefox on WINDOWS (8bbeab36-080f-491b-803a-d90d2180a8a3)] -> css selector: .expand-more._gray-darker]
2020-04-20 12:53:49 INFO  Listener:29 - Before to find: by: By.xpath: //a[.='EUR €']
2020-04-20 12:53:49 INFO  Listener:34 - Found element By : By.xpath: //a[.='EUR €']
2020-04-20 12:53:49 INFO  Listener:39 - Before to click on [[FirefoxDriver: firefox on WINDOWS (8bbeab36-080f-491b-803a-d90d2180a8a3)] -> xpath: //a[.='EUR €']]
2020-04-20 12:53:50 INFO  Listener:44 - After to click on [[FirefoxDriver: firefox on WINDOWS (8bbeab36-080f-491b-803a-d90d2180a8a3)] -> xpath: //a[.='EUR €']]
2020-04-20 12:53:50 INFO  MainPage:33 - Value successfully change on: EUR
2020-04-20 12:53:50 INFO  Listener:29 - Before to find: by: By.className: price
2020-04-20 12:53:50 INFO  Listener:34 - Found element By : By.className: price
2020-04-20 12:53:50 INFO  Listener:29 - Before to find: by: By.className: price
2020-04-20 12:53:51 INFO  Listener:34 - Found element By : By.className: price
2020-04-20 12:53:51 INFO  MainPage:39 - Verifying product's price value type ...
2020-04-20 12:53:51 INFO  Listener:29 - Before to find: by: By.cssSelector: .expand-more._gray-darker
2020-04-20 12:53:51 INFO  Listener:34 - Found element By : By.cssSelector: .expand-more._gray-darker
2020-04-20 12:53:51 INFO  Listener:39 - Before to click on [[FirefoxDriver: firefox on WINDOWS (8bbeab36-080f-491b-803a-d90d2180a8a3)] -> css selector: .expand-more._gray-darker]
2020-04-20 12:53:52 INFO  Listener:44 - After to click on [[FirefoxDriver: firefox on WINDOWS (8bbeab36-080f-491b-803a-d90d2180a8a3)] -> css selector: .expand-more._gray-darker]
2020-04-20 12:53:52 INFO  Listener:29 - Before to find: by: By.xpath: //a[.='USD $']
2020-04-20 12:53:52 INFO  Listener:34 - Found element By : By.xpath: //a[.='USD $']
2020-04-20 12:53:52 INFO  Listener:39 - Before to click on [[FirefoxDriver: firefox on WINDOWS (8bbeab36-080f-491b-803a-d90d2180a8a3)] -> xpath: //a[.='USD $']]
2020-04-20 12:53:53 INFO  Listener:44 - After to click on [[FirefoxDriver: firefox on WINDOWS (8bbeab36-080f-491b-803a-d90d2180a8a3)] -> xpath: //a[.='USD $']]
2020-04-20 12:53:53 INFO  MainPage:33 - Value successfully change on: USD
2020-04-20 12:53:53 INFO  Listener:29 - Before to find: by: By.name: s
2020-04-20 12:53:53 INFO  Listener:34 - Found element By : By.name: s
2020-04-20 12:53:53 INFO  Listener:49 - Before to change value of [[FirefoxDriver: firefox on WINDOWS (8bbeab36-080f-491b-803a-d90d2180a8a3)] -> name: s] on [dress]
2020-04-20 12:53:53 INFO  Listener:55 - After to change value of [[FirefoxDriver: firefox on WINDOWS (8bbeab36-080f-491b-803a-d90d2180a8a3)] -> name: s] on [dress]
2020-04-20 12:53:53 INFO  Listener:29 - Before to find: by: By.name: s
2020-04-20 12:53:53 INFO  Listener:34 - Found element By : By.name: s
2020-04-20 12:53:53 INFO  MainPage:22 - Products successfully found.
2020-04-20 12:53:53 INFO  Listener:29 - Before to find: by: By.className: total-products
2020-04-20 12:53:54 INFO  Listener:34 - Found element By : By.className: total-products
2020-04-20 12:53:54 INFO  MainPage:30 - Count product = 7
2020-04-20 12:53:54 INFO  Listener:29 - Before to find: by: By.className: product-miniature
2020-04-20 12:53:54 INFO  Listener:34 - Found element By : By.className: product-miniature
2020-04-20 12:53:54 INFO  MainPage:34 - Count product image = 7
2020-04-20 12:53:54 INFO  Listener:29 - Before to find: by: By.className: price
2020-04-20 12:53:54 INFO  Listener:34 - Found element By : By.className: price
2020-04-20 12:53:55 INFO  MainPage:49 - Check symbolUSD
2020-04-20 12:53:55 INFO  Listener:29 - Before to find: by: By.className: select-title
2020-04-20 12:53:55 INFO  Listener:34 - Found element By : By.className: select-title
2020-04-20 12:53:55 INFO  Listener:39 - Before to click on [[FirefoxDriver: firefox on WINDOWS (8bbeab36-080f-491b-803a-d90d2180a8a3)] -> class name: select-title]
2020-04-20 12:53:55 INFO  Listener:44 - After to click on [[FirefoxDriver: firefox on WINDOWS (8bbeab36-080f-491b-803a-d90d2180a8a3)] -> class name: select-title]
2020-04-20 12:53:55 INFO  Listener:29 - Before to find: by: By.cssSelector: #js-product-list-top > div:nth-child(2) > div > div > div > a:nth-child(5)
2020-04-20 12:53:55 INFO  Listener:34 - Found element By : By.cssSelector: #js-product-list-top > div:nth-child(2) > div > div > div > a:nth-child(5)
2020-04-20 12:53:55 INFO  Listener:39 - Before to click on [[FirefoxDriver: firefox on WINDOWS (8bbeab36-080f-491b-803a-d90d2180a8a3)] -> css selector: #js-product-list-top > div:nth-child(2) > div > div > div > a:nth-child(5)]
2020-04-20 12:53:55 INFO  Listener:44 - After to click on [[FirefoxDriver: firefox on WINDOWS (8bbeab36-080f-491b-803a-d90d2180a8a3)] -> css selector: #js-product-list-top > div:nth-child(2) > div > div > div > a:nth-child(5)]
2020-04-20 12:53:55 INFO  MainPage:69 - Sorting from high to low
2020-04-20 12:53:55 INFO  Listener:29 - Before to find: by: By.className: product-price-and-shipping
2020-04-20 12:53:55 INFO  Listener:34 - Found element By : By.className: product-price-and-shipping
2020-04-20 12:53:55 INFO  Listener:61 - An exception org.openqa.selenium.StaleElementReferenceException: The element reference of <div class="product-price-and-shipping"> is stale; either the element is no longer attached to the DOM, it is not in the current frame context, or the document has been refreshed
For documentation on this error, please visit: https://www.seleniumhq.org/exceptions/stale_element_reference.html
Build info: version: '3.141.59', revision: 'e82be7d358', time: '2018-11-14T08:17:03'
System info: host: 'OT', ip: '192.168.0.107', os.name: 'Windows 10', os.arch: 'amd64', os.version: '10.0', java.version: '13.0.2'
Driver info: org.openqa.selenium.firefox.FirefoxDriver
Capabilities {acceptInsecureCerts: true, browserName: firefox, browserVersion: 75.0, javascriptEnabled: true, moz:accessibilityChecks: false, moz:buildID: 20200403170909, moz:geckodriverVersion: 0.26.0, moz:headless: false, moz:processID: 11328, moz:profile: C:\Users\olegi\AppData\Loca..., moz:shutdownTimeout: 60000, moz:useNonSpecCompliantPointerOrigin: false, moz:webdriverClick: true, pageLoadStrategy: normal, platform: WINDOWS, platformName: WINDOWS, platformVersion: 10.0, rotatable: false, setWindowRect: true, strictFileInteractability: false, timeouts: {implicit: 0, pageLoad: 300000, script: 30000}, unhandledPromptBehavior: dismiss and notify}
Session ID: 8bbeab36-080f-491b-803a-d90d2180a8a3 was thrown
2020-04-20 12:53:56 INFO  Listener:29 - Before to find: by: By.className: product-price-and-shipping
2020-04-20 12:53:56 INFO  Listener:34 - Found element By : By.className: product-price-and-shipping
2020-04-20 12:53:57 INFO  Listener:29 - Before to find: by: By.className: price
2020-04-20 12:53:57 INFO  Listener:34 - Found element By : By.className: price
2020-04-20 12:53:57 INFO  Listener:29 - Before to find: by: By.className: regular-price
2020-04-20 12:53:57 INFO  Listener:34 - Found element By : By.className: regular-price
2020-04-20 12:53:57 INFO  Listener:29 - Before to find: by: By.className: price
2020-04-20 12:53:57 INFO  Listener:34 - Found element By : By.className: price
2020-04-20 12:53:57 INFO  Listener:29 - Before to find: by: By.className: price
2020-04-20 12:53:57 INFO  Listener:34 - Found element By : By.className: price
2020-04-20 12:53:57 INFO  Listener:29 - Before to find: by: By.className: price
2020-04-20 12:53:57 INFO  Listener:34 - Found element By : By.className: price
2020-04-20 12:53:57 INFO  Listener:29 - Before to find: by: By.className: regular-price
2020-04-20 12:53:57 INFO  Listener:34 - Found element By : By.className: regular-price
2020-04-20 12:53:57 INFO  Listener:29 - Before to find: by: By.className: price
2020-04-20 12:53:57 INFO  Listener:34 - Found element By : By.className: price
2020-04-20 12:53:57 INFO  MainPage:87 - Check sorting without discount is true
2020-04-20 12:53:57 INFO  Listener:29 - Before to find: by: By.cssSelector: .expand-more._gray-darker
2020-04-20 12:53:57 INFO  Listener:34 - Found element By : By.cssSelector: .expand-more._gray-darker
2020-04-20 12:53:57 INFO  Listener:39 - Before to click on [[FirefoxDriver: firefox on WINDOWS (8bbeab36-080f-491b-803a-d90d2180a8a3)] -> css selector: .expand-more._gray-darker]
2020-04-20 12:53:57 INFO  Listener:44 - After to click on [[FirefoxDriver: firefox on WINDOWS (8bbeab36-080f-491b-803a-d90d2180a8a3)] -> css selector: .expand-more._gray-darker]
2020-04-20 12:53:57 INFO  Listener:29 - Before to find: by: By.xpath: //a[.='UAH ₴']
2020-04-20 12:53:57 INFO  Listener:34 - Found element By : By.xpath: //a[.='UAH ₴']
2020-04-20 12:53:57 INFO  Listener:39 - Before to click on [[FirefoxDriver: firefox on WINDOWS (8bbeab36-080f-491b-803a-d90d2180a8a3)] -> xpath: //a[.='UAH ₴']]
2020-04-20 12:53:58 INFO  Listener:44 - After to click on [[FirefoxDriver: firefox on WINDOWS (8bbeab36-080f-491b-803a-d90d2180a8a3)] -> xpath: //a[.='UAH ₴']]
2020-04-20 12:53:58 INFO  MainPage:33 - Value successfully change on: UAH
2020-04-20 12:53:58 INFO  Listener:29 - Before to find: by: By.className: price
2020-04-20 12:53:58 INFO  Listener:34 - Found element By : By.className: price
2020-04-20 12:53:58 INFO  Listener:29 - Before to find: by: By.className: price
2020-04-20 12:53:59 INFO  Listener:34 - Found element By : By.className: price
2020-04-20 12:53:59 INFO  MainPage:39 - Verifying product's price value type ...
2020-04-20 12:53:59 INFO  Listener:29 - Before to find: by: By.cssSelector: .expand-more._gray-darker
2020-04-20 12:53:59 INFO  Listener:34 - Found element By : By.cssSelector: .expand-more._gray-darker
2020-04-20 12:53:59 INFO  Listener:39 - Before to click on [[FirefoxDriver: firefox on WINDOWS (8bbeab36-080f-491b-803a-d90d2180a8a3)] -> css selector: .expand-more._gray-darker]
2020-04-20 12:53:59 INFO  Listener:44 - After to click on [[FirefoxDriver: firefox on WINDOWS (8bbeab36-080f-491b-803a-d90d2180a8a3)] -> css selector: .expand-more._gray-darker]
2020-04-20 12:53:59 INFO  Listener:29 - Before to find: by: By.xpath: //a[.='USD $']
2020-04-20 12:53:59 INFO  Listener:34 - Found element By : By.xpath: //a[.='USD $']
2020-04-20 12:53:59 INFO  Listener:39 - Before to click on [[FirefoxDriver: firefox on WINDOWS (8bbeab36-080f-491b-803a-d90d2180a8a3)] -> xpath: //a[.='USD $']]
2020-04-20 12:54:01 INFO  Listener:44 - After to click on [[FirefoxDriver: firefox on WINDOWS (8bbeab36-080f-491b-803a-d90d2180a8a3)] -> xpath: //a[.='USD $']]
2020-04-20 12:54:01 INFO  MainPage:33 - Value successfully change on: USD
2020-04-20 12:54:01 INFO  Listener:29 - Before to find: by: By.className: price
2020-04-20 12:54:01 INFO  Listener:34 - Found element By : By.className: price
2020-04-20 12:54:01 INFO  Listener:29 - Before to find: by: By.className: price
2020-04-20 12:54:02 INFO  Listener:34 - Found element By : By.className: price
2020-04-20 12:54:02 INFO  MainPage:39 - Verifying product's price value type ...
2020-04-20 12:54:07 INFO  ConfigTest:45 - Driver successfully quit
